<?xml version="1.0" encoding="UTF-8"?>
<testsuite xmlns:xsi="http://www.w3.org/2001/XMLSchema-instance" xsi:noNamespaceSchemaLocation="https://maven.apache.org/surefire/maven-surefire-plugin/xsd/surefire-test-report.xsd" name="com.cicekSepeti.runners.CukesRunner" time="444.245" tests="16" errors="0" skipped="0" failures="3">
  <properties>
[...]
</properties>
  <testcase name="send the request and check the &quot;installment&quot; is correct for products with installment option" classname="Verify the api response is correct" time="4.559"/>
  <testcase name="send the request and check the &quot;installmentText&quot; is correct for products with installment option" classname="Verify the api response is correct" time="1.42"/>
  <testcase name="send the request and check the &quot;productGroupIds&quot; is correct for products with installment option" classname="Verify the api response is correct" time="1.766"/>
  <testcase name="send the request and check the &quot;installment&quot; is correct for products without installment option" classname="Verify the api response is correct" time="1.51">
    <failure type="java.lang.AssertionError">java.lang.AssertionError
</failure>
    <system-out><![CDATA[
@installments @api @all @installment2
Scenario Outline: send the request and check the "installment" is correct for products without installment option &amp#27;[90m# src/test/resources/features/api.feature:29&amp#27;[0m
  &amp#27;[32mWhen &amp#27;[0m&amp#27;[32mI get the current user information from api&amp#27;[0m                                                                &amp#27;[90m# com.cicekSepeti.step_definitions.ApiStepDefs.i_get_the_current_user_information_from_api()&amp#27;[0m
  &amp#27;[32mThen &amp#27;[0m&amp#27;[32mstatus code should be &amp#27;[0m&amp#27;[32m&amp#27;[1m200&amp#27;[0m                                                                                  &amp#27;[90m# com.cicekSepeti.step_definitions.ApiStepDefs.status_code_should_be(int)&amp#27;[0m
  &amp#27;[32mAnd &amp#27;[0m&amp#27;[32mcontent type is should be json&amp#27;[0m                                                                              &amp#27;[90m# com.cicekSepeti.step_definitions.ApiStepDefs.content_type_is_should_be_json()&amp#27;[0m
jsonDataforInstallment1 = {
    "result": {
        "data": {
            "categoryName": null,
            "products": [
                {
                    "code": "gr1700",
                    "name": "Bir Tatlı Sevda Kek Buketi",
                    "price": {
                        "current": 49.99,
                        "total": 49.99,
                        "currency": "TL",
                        "currencyCode": "TRY"
                    },
                    "installment": false,
                    "installmentText": "",
                    "productGroupId": 2,
                    "variantCode": "gr1700-1",
                    "deliveryChargeMessage": "Ücretsiz Teslimat"
                },
                {
                    "code": "kc287076",
                    "name": "Nice Mutlu Yıllar Çikolata Topları Truf Buketi",
                    "price": {
                        "current": 49.99,
                        "total": 49.99,
                        "currency": "TL",
                        "currencyCode": "TRY"
                    },
                    "installment": false,
                    "installmentText": "",
                    "productGroupId": 2,
                    "variantCode": "kc287076-1",
                    "deliveryChargeMessage": "Ücretsiz Teslimat"
                },
                {
                    "code": "at3917",
                    "name": "Kişiye Özel Lisyantus Aranjmanı",
                    "price": {
                        "current": 69.99,
                        "total": 69.99,
                        "currency": "TL",
                        "currencyCode": "TRY"
                    },
                    "installment": true,
                    "installmentText": "6 x 11,66 TL Taksit Seçeneği",
                    "productGroupId": 1,
                    "variantCode": "at3917-1",
                    "deliveryChargeMessage": "Ücretsiz Teslimat"
                },
                {
                    "code": "gr1855",
                    "name": "Doğum Günü Mesajlı Çilek Bahçesi Kek Buketi",
                    "price": {
                        "current": 49.99,
                        "total": 49.99,
                        "currency": "TL",
                        "currencyCode": "TRY"
                    },
                    "installment": false,
                    "installmentText": "",
                    "productGroupId": 2,
                    "variantCode": "gr1855-1",
                    "deliveryChargeMessage": "Ücretsiz Teslimat"
                },
                {
                    "code": "gr1572",
                    "name": "Mini Tatlı Lezzet Truf ve Kek Buketi",
                    "price": {
                        "current": 49.99,
                        "total": 49.99,
                        "currency": "TL",
                        "currencyCode": "TRY"
                    },
                    "installment": false,
                    "installmentText": "",
                    "productGroupId": 2,
                    "variantCode": "gr1572-1",
                    "deliveryChargeMessage": "Ücretsiz Teslimat"
                },
                {
                    "code": "gr1972",
                    "name": "Bitmeyen Lezzet Doğum Günü Kutlama Aranjmanı",
                    "price": {
                        "current": 54.99,
                        "total": 54.99,
                        "currency": "TL",
                        "currencyCode": "TRY"
                    },
                    "installment": false,
                    "installmentText": "",
                    "productGroupId": 2,
                    "variantCode": "gr1972-1",
                    "deliveryChargeMessage": "Ücretsiz Teslimat"
                }
            ],
            "filter": null,
            "banners": null,
            "branch": null,
            "message": null,
            "productCount": 310745,
            "title": null,
            "isAlternate": false,
            "storeId": null
        }
    },
    "error": {
        "type": 0,
        "title": null,
        "message": null,
        "returnUrl": null
    }
}
  &amp#27;[31mThen &amp#27;[0m&amp#27;[31mI check that the &amp#27;[0m&amp#27;[31m&amp#27;[1m"installment"&amp#27;[0m&amp#27;[31m for products without installment option&amp#27;[0m                                     &amp#27;[90m# com.cicekSepeti.step_definitions.ApiStepDefs.i_check_that_the_for_products_without_installment_option(java.lang.String)&amp#27;[0m
      &amp#27;[31mjava.lang.AssertionError
	at org.junit.Assert.fail(Assert.java:87)
	at org.junit.Assert.assertTrue(Assert.java:42)
	at org.junit.Assert.assertFalse(Assert.java:65)
	at org.junit.Assert.assertFalse(Assert.java:75)
	at com.cicekSepeti.step_definitions.ApiStepDefs.i_check_that_the_for_products_without_installment_option(ApiStepDefs.java:123)
	at ✽.I check that the "installment" for products without installment option(file:///Users/ahmetvurdem/IdeaProjects/CicekSepetiTask/src/test/resources/features/api.feature:25)
&amp#27;[0m
]]></system-out>
  </testcase>
  <testcase name="send the request and check the &quot;installmentText&quot; is correct for products without installment option" classname="Verify the api response is correct" time="1.582">
    <failure message="expected:&lt;[]&gt; but was:&lt;[6 x 11,66 TL Taksit Seçeneği]&gt;" type="org.junit.ComparisonFailure"><![CDATA[org.junit.ComparisonFailure: expected:<[]> but was:<[6 x 11,66 TL Taksit Seçeneği]>
]]></failure>
    <system-out><![CDATA[
@installments @api @all @installment2
Scenario Outline: send the request and check the "installmentText" is correct for products without installment option &amp#27;[90m# src/test/resources/features/api.feature:30&amp#27;[0m
  &amp#27;[32mWhen &amp#27;[0m&amp#27;[32mI get the current user information from api&amp#27;[0m                                                                    &amp#27;[90m# com.cicekSepeti.step_definitions.ApiStepDefs.i_get_the_current_user_information_from_api()&amp#27;[0m
  &amp#27;[32mThen &amp#27;[0m&amp#27;[32mstatus code should be &amp#27;[0m&amp#27;[32m&amp#27;[1m200&amp#27;[0m                                                                                      &amp#27;[90m# com.cicekSepeti.step_definitions.ApiStepDefs.status_code_should_be(int)&amp#27;[0m
  &amp#27;[32mAnd &amp#27;[0m&amp#27;[32mcontent type is should be json&amp#27;[0m                                                                                  &amp#27;[90m# com.cicekSepeti.step_definitions.ApiStepDefs.content_type_is_should_be_json()&amp#27;[0m
jsonDataforInstallment1 = {
    "result": {
        "data": {
            "categoryName": null,
            "products": [
                {
                    "code": "gr1700",
                    "name": "Bir Tatlı Sevda Kek Buketi",
                    "price": {
                        "current": 49.99,
                        "total": 49.99,
                        "currency": "TL",
                        "currencyCode": "TRY"
                    },
                    "installment": false,
                    "installmentText": "",
                    "productGroupId": 2,
                    "variantCode": "gr1700-1",
                    "deliveryChargeMessage": "Ücretsiz Teslimat"
                },
                {
                    "code": "kc287076",
                    "name": "Nice Mutlu Yıllar Çikolata Topları Truf Buketi",
                    "price": {
                        "current": 49.99,
                        "total": 49.99,
                        "currency": "TL",
                        "currencyCode": "TRY"
                    },
                    "installment": false,
                    "installmentText": "",
                    "productGroupId": 2,
                    "variantCode": "kc287076-1",
                    "deliveryChargeMessage": "Ücretsiz Teslimat"
                },
                {
                    "code": "at3917",
                    "name": "Kişiye Özel Lisyantus Aranjmanı",
                    "price": {
                        "current": 69.99,
                        "total": 69.99,
                        "currency": "TL",
                        "currencyCode": "TRY"
                    },
                    "installment": true,
                    "installmentText": "6 x 11,66 TL Taksit Seçeneği",
                    "productGroupId": 1,
                    "variantCode": "at3917-1",
                    "deliveryChargeMessage": "Ücretsiz Teslimat"
                },
                {
                    "code": "gr1855",
                    "name": "Doğum Günü Mesajlı Çilek Bahçesi Kek Buketi",
                    "price": {
                        "current": 49.99,
                        "total": 49.99,
                        "currency": "TL",
                        "currencyCode": "TRY"
                    },
                    "installment": false,
                    "installmentText": "",
                    "productGroupId": 2,
                    "variantCode": "gr1855-1",
                    "deliveryChargeMessage": "Ücretsiz Teslimat"
                },
                {
                    "code": "gr1572",
                    "name": "Mini Tatlı Lezzet Truf ve Kek Buketi",
                    "price": {
                        "current": 49.99,
                        "total": 49.99,
                        "currency": "TL",
                        "currencyCode": "TRY"
                    },
                    "installment": false,
                    "installmentText": "",
                    "productGroupId": 2,
                    "variantCode": "gr1572-1",
                    "deliveryChargeMessage": "Ücretsiz Teslimat"
                },
                {
                    "code": "gr1972",
                    "name": "Bitmeyen Lezzet Doğum Günü Kutlama Aranjmanı",
                    "price": {
                        "current": 54.99,
                        "total": 54.99,
                        "currency": "TL",
                        "currencyCode": "TRY"
                    },
                    "installment": false,
                    "installmentText": "",
                    "productGroupId": 2,
                    "variantCode": "gr1972-1",
                    "deliveryChargeMessage": "Ücretsiz Teslimat"
                }
            ],
            "filter": null,
            "banners": null,
            "branch": null,
            "message": null,
            "productCount": 310745,
            "title": null,
            "isAlternate": false,
            "storeId": null
        }
    },
    "error": {
        "type": 0,
        "title": null,
        "message": null,
        "returnUrl": null
    }
}
  &amp#27;[31mThen &amp#27;[0m&amp#27;[31mI check that the &amp#27;[0m&amp#27;[31m&amp#27;[1m"installmentText"&amp#27;[0m&amp#27;[31m for products without installment option&amp#27;[0m                                     &amp#27;[90m# com.cicekSepeti.step_definitions.ApiStepDefs.i_check_that_the_for_products_without_installment_option(java.lang.String)&amp#27;[0m
      &amp#27;[31morg.junit.ComparisonFailure: expected:<[]> but was:<[6 x 11,66 TL Taksit Seçeneği]>
	at org.junit.Assert.assertEquals(Assert.java:117)
	at org.junit.Assert.assertEquals(Assert.java:146)
	at com.cicekSepeti.step_definitions.ApiStepDefs.i_check_that_the_for_products_without_installment_option(ApiStepDefs.java:134)
	at ✽.I check that the "installmentText" for products without installment option(file:///Users/ahmetvurdem/IdeaProjects/CicekSepetiTask/src/test/resources/features/api.feature:25)
&amp#27;[0m
]]></system-out>
  </testcase>
  <testcase name="send the request and check the &quot;productGroupIds&quot; is correct for products without installment option" classname="Verify the api response is correct" time="1.465">
    <failure message="expected:&lt;2.0&gt; but was:&lt;1.0&gt;" type="java.lang.AssertionError"><![CDATA[java.lang.AssertionError: expected:<2.0> but was:<1.0>
]]></failure>
    <system-out><![CDATA[
@installments @api @all @installment2
Scenario Outline: send the request and check the "productGroupIds" is correct for products without installment option &amp#27;[90m# src/test/resources/features/api.feature:31&amp#27;[0m
  &amp#27;[32mWhen &amp#27;[0m&amp#27;[32mI get the current user information from api&amp#27;[0m                                                                    &amp#27;[90m# com.cicekSepeti.step_definitions.ApiStepDefs.i_get_the_current_user_information_from_api()&amp#27;[0m
  &amp#27;[32mThen &amp#27;[0m&amp#27;[32mstatus code should be &amp#27;[0m&amp#27;[32m&amp#27;[1m200&amp#27;[0m                                                                                      &amp#27;[90m# com.cicekSepeti.step_definitions.ApiStepDefs.status_code_should_be(int)&amp#27;[0m
  &amp#27;[32mAnd &amp#27;[0m&amp#27;[32mcontent type is should be json&amp#27;[0m                                                                                  &amp#27;[90m# com.cicekSepeti.step_definitions.ApiStepDefs.content_type_is_should_be_json()&amp#27;[0m
jsonDataforInstallment1 = {
    "result": {
        "data": {
            "categoryName": null,
            "products": [
                {
                    "code": "gr1700",
                    "name": "Bir Tatlı Sevda Kek Buketi",
                    "price": {
                        "current": 49.99,
                        "total": 49.99,
                        "currency": "TL",
                        "currencyCode": "TRY"
                    },
                    "installment": false,
                    "installmentText": "",
                    "productGroupId": 2,
                    "variantCode": "gr1700-1",
                    "deliveryChargeMessage": "Ücretsiz Teslimat"
                },
                {
                    "code": "kc287076",
                    "name": "Nice Mutlu Yıllar Çikolata Topları Truf Buketi",
                    "price": {
                        "current": 49.99,
                        "total": 49.99,
                        "currency": "TL",
                        "currencyCode": "TRY"
                    },
                    "installment": false,
                    "installmentText": "",
                    "productGroupId": 2,
                    "variantCode": "kc287076-1",
                    "deliveryChargeMessage": "Ücretsiz Teslimat"
                },
                {
                    "code": "at3917",
                    "name": "Kişiye Özel Lisyantus Aranjmanı",
                    "price": {
                        "current": 69.99,
                        "total": 69.99,
                        "currency": "TL",
                        "currencyCode": "TRY"
                    },
                    "installment": true,
                    "installmentText": "6 x 11,66 TL Taksit Seçeneği",
                    "productGroupId": 1,
                    "variantCode": "at3917-1",
                    "deliveryChargeMessage": "Ücretsiz Teslimat"
                },
                {
                    "code": "gr1855",
                    "name": "Doğum Günü Mesajlı Çilek Bahçesi Kek Buketi",
                    "price": {
                        "current": 49.99,
                        "total": 49.99,
                        "currency": "TL",
                        "currencyCode": "TRY"
                    },
                    "installment": false,
                    "installmentText": "",
                    "productGroupId": 2,
                    "variantCode": "gr1855-1",
                    "deliveryChargeMessage": "Ücretsiz Teslimat"
                },
                {
                    "code": "gr1572",
                    "name": "Mini Tatlı Lezzet Truf ve Kek Buketi",
                    "price": {
                        "current": 49.99,
                        "total": 49.99,
                        "currency": "TL",
                        "currencyCode": "TRY"
                    },
                    "installment": false,
                    "installmentText": "",
                    "productGroupId": 2,
                    "variantCode": "gr1572-1",
                    "deliveryChargeMessage": "Ücretsiz Teslimat"
                },
                {
                    "code": "gr1972",
                    "name": "Bitmeyen Lezzet Doğum Günü Kutlama Aranjmanı",
                    "price": {
                        "current": 54.99,
                        "total": 54.99,
                        "currency": "TL",
                        "currencyCode": "TRY"
                    },
                    "installment": false,
                    "installmentText": "",
                    "productGroupId": 2,
                    "variantCode": "gr1972-1",
                    "deliveryChargeMessage": "Ücretsiz Teslimat"
                }
            ],
            "filter": null,
            "banners": null,
            "branch": null,
            "message": null,
            "productCount": 310745,
            "title": null,
            "isAlternate": false,
            "storeId": null
        }
    },
    "error": {
        "type": 0,
        "title": null,
        "message": null,
        "returnUrl": null
    }
}
  &amp#27;[31mThen &amp#27;[0m&amp#27;[31mI check that the &amp#27;[0m&amp#27;[31m&amp#27;[1m"productGroupIds"&amp#27;[0m&amp#27;[31m for products without installment option&amp#27;[0m                                     &amp#27;[90m# com.cicekSepeti.step_definitions.ApiStepDefs.i_check_that_the_for_products_without_installment_option(java.lang.String)&amp#27;[0m
      &amp#27;[31mjava.lang.AssertionError: expected:<2.0> but was:<1.0>
	at org.junit.Assert.fail(Assert.java:89)
	at org.junit.Assert.failNotEquals(Assert.java:835)
	at org.junit.Assert.assertEquals(Assert.java:120)
	at org.junit.Assert.assertEquals(Assert.java:146)
	at com.cicekSepeti.step_definitions.ApiStepDefs.i_check_that_the_for_products_without_installment_option(ApiStepDefs.java:145)
	at ✽.I check that the "productGroupIds" for products without installment option(file:///Users/ahmetvurdem/IdeaProjects/CicekSepetiTask/src/test/resources/features/api.feature:25)
&amp#27;[0m
]]></system-out>
  </testcase>
  <testcase name="send the request and check the body has null value" classname="Verify the api response is correct" time="1.437"/>
  <testcase name="(Negative) Using invalid credentials to sign in" classname="User try to login with invalid credentials" time="7.85"/>
  <testcase name="(Negative) Using invalid credentials to sign in" classname="User try to login with invalid credentials" time="47.764"/>
  <testcase name="(Negative) Using invalid credentials to sign in" classname="User try to login with invalid credentials" time="27.363"/>
  <testcase name="(Negative) Using invalid credentials to sign in" classname="User try to login with invalid credentials" time="47.446"/>
  <testcase name="(Negative) Using invalid credentials to sign in" classname="User try to login with invalid credentials" time="47.244"/>
  <testcase name="(Negative) Using invalid credentials to sign in" classname="User try to login with invalid credentials" time="47.488"/>
  <testcase name="(Negative) Using invalid credentials to sign in" classname="User try to login with invalid credentials" time="87.679"/>
  <testcase name="(Negative) Using invalid credentials to sign in" classname="User try to login with invalid credentials" time="87.54"/>
  <testcase name="(Negative) Using invalid credentials to sign in" classname="User try to login with invalid credentials" time="29.674"/>
</testsuite>